<?xml version="1.0" encoding="UTF-8"?>
<!-- Generated by org.testng.reporters.JUnitReportReporter -->
<testsuite skipped="0" hostname="DESKTOP-ASB5QBL" name="testNG.UserReg_Test" tests="1" failures="0" timestamp="23 Mar 2022 15:48:22 GMT" time="27.779" errors="0">
  <testcase name="userreg" time="27.779" classname="testNG.UserReg_Test"/>
</testsuite> <!-- testNG.UserReg_Test -->
