<?xml version="1.0" encoding="UTF-8"?>
<!-- Generated by org.testng.reporters.JUnitReportReporter -->
<testsuite skipped="0" hostname="DESKTOP-ASB5QBL" name="testNG.TestNG_SerialExe" tests="3" failures="0" timestamp="23 Mar 2022 16:17:15 GMT" time="68.621" errors="0">
  <testcase name="exe" time="14.964" classname="testNG.TestNG_SerialExe"/>
  <testcase name="exe" time="30.754" classname="testNG.TestNG_SerialExe"/>
  <testcase name="exe" time="22.903" classname="testNG.TestNG_SerialExe"/>
</testsuite> <!-- testNG.TestNG_SerialExe -->
