<?xml version="1.0" encoding="UTF-8"?>
<!-- Generated by org.testng.reporters.JUnitReportReporter -->
<testsuite skipped="0" hostname="DESKTOP-ASB5QBL" name="testNG.EmpReg_Test" tests="4" failures="0" timestamp="23 Mar 2022 16:06:26 GMT" time="81.733" errors="0">
  <testcase name="empreg" time="20.692" classname="testNG.EmpReg_Test"/>
  <testcase name="empreg" time="21.916" classname="testNG.EmpReg_Test"/>
  <testcase name="empreg" time="19.943" classname="testNG.EmpReg_Test"/>
  <testcase name="empreg" time="19.182" classname="testNG.EmpReg_Test"/>
</testsuite> <!-- testNG.EmpReg_Test -->
