<?xml version="1.0" encoding="UTF-8"?>
<!-- Generated by org.testng.reporters.JUnitReportReporter -->
<testsuite skipped="0" hostname="DESKTOP-ASB5QBL" name="com.SeleniumProject.Tests.LoginTest_POM" tests="1" failures="0" timestamp="25 Mar 2022 16:30:06 GMT" time="50.472" errors="0">
  <testcase name="login" time="50.472" classname="com.SeleniumProject.Tests.LoginTest_POM"/>
</testsuite> <!-- com.SeleniumProject.Tests.LoginTest_POM -->
