<?xml version="1.0" encoding="UTF-8"?>
<!-- Generated by org.testng.reporters.JUnitReportReporter -->
<testsuite skipped="0" hostname="DESKTOP-ASB5QBL" name="grid_programmes.GridEg1" tests="2" failures="0" timestamp="28 Mar 2022 16:33:05 GMT" time="98.918" errors="0">
  <testcase name="grid" time="39.363" classname="grid_programmes.GridEg1"/>
  <testcase name="grid" time="59.555" classname="grid_programmes.GridEg1"/>
</testsuite> <!-- grid_programmes.GridEg1 -->
